Arguments: 
  /usr/bin/node /usr/share/yarn/bin/yarn.js add fontawsome

PATH: 
  /usr/local/sbin:/usr/local/bin:/usr/sbin:/usr/bin:/sbin:/bin:/usr/games:/usr/local/games:/snap/bin

Yarn version: 
  1.19.0

Node version: 
  12.10.0

Platform: 
  linux x64

Trace: 
  Error: https://registry.yarnpkg.com/fontawsome: Not found
      at Request.params.callback [as _callback] (/usr/share/yarn/lib/cli.js:66918:18)
      at Request.self.callback (/usr/share/yarn/lib/cli.js:140539:22)
      at Request.emit (events.js:209:13)
      at Request.<anonymous> (/usr/share/yarn/lib/cli.js:141511:10)
      at Request.emit (events.js:209:13)
      at IncomingMessage.<anonymous> (/usr/share/yarn/lib/cli.js:141433:12)
      at Object.onceWrapper (events.js:298:28)
      at IncomingMessage.emit (events.js:214:15)
      at endReadableNT (_stream_readable.js:1178:12)
      at processTicksAndRejections (internal/process/task_queues.js:80:21)

npm manifest: 
  {
    "name": "Gestion_RV_Hopital",
    "version": "1.0",
    "description": "gestion de rende-vous dans un hopital",
    "main": "index.js",
    "repository": "https://github.com/221geek/Gestion-rendez-vous-hopital.git",
    "author": "Abdoul Aziz Dione",
    "license": "MIT",
    "dependencies": {
      "bootstrap": "^4.3.1",
      "jquery": "^3.4.1"
    }
  }

yarn manifest: 
  No manifest

Lockfile: 
  # THIS IS AN AUTOGENERATED FILE. DO NOT EDIT THIS FILE DIRECTLY.
  # yarn lockfile v1
  
  
  bootstrap@^4.3.1:
    version "4.3.1"
    resolved "https://registry.yarnpkg.com/bootstrap/-/bootstrap-4.3.1.tgz#280ca8f610504d99d7b6b4bfc4b68cec601704ac"
    integrity sha512-rXqOmH1VilAt2DyPzluTi2blhk17bO7ef+zLLPlWvG494pDxcM234pJ8wTc/6R40UWizAIIMgxjvxZg5kmsbag==
  
  jquery@^3.4.1:
    version "3.4.1"
    resolved "https://registry.yarnpkg.com/jquery/-/jquery-3.4.1.tgz#714f1f8d9dde4bdfa55764ba37ef214630d80ef2"
    integrity sha512-36+AdBzCL+y6qjw5Tx7HgzeGCzC81MDDgaUP8ld2zhx58HdqXGoBd+tHdrBMiyjGQs0Hxs/MLZTu/eHNJJuWPw==
